{"name":"foo","hostname":"Usuarios-MacBook-Air.local","pid":29772,"level":30,"msg":"The next fixture is  9","time":"2016-10-22T10:42:17.860Z","v":0}
{"name":"foo","hostname":"Usuarios-MacBook-Air.local","pid":29772,"level":30,"msg":"22 10 2016 - 13:30:00--AFC Bournemouth - Tottenham Hotspur FC","time":"2016-10-22T10:42:17.861Z","v":0}
{"name":"foo","hostname":"Usuarios-MacBook-Air.local","pid":29772,"level":30,"msg":"22 10 2016 - 15:00:00 Executing in  1063000","time":"2016-10-22T10:42:17.861Z","v":0}
{"name":"foo","hostname":"Usuarios-MacBook-Air.local","pid":29772,"level":30,"msg":"22 10 2016 - 15:55:00 Executing in  4363000","time":"2016-10-22T10:42:17.861Z","v":0}
{"name":"foo","hostname":"Usuarios-MacBook-Air.local","pid":29772,"level":30,"msg":"22 10 2016 - 16:00:00--Arsenal FC - Middlesbrough FC *1 hour*  *5 minutes* ","time":"2016-10-22T10:42:17.861Z","v":0}
{"name":"foo","hostname":"Usuarios-MacBook-Air.local","pid":29772,"level":30,"msg":"22 10 2016 - 15:00:00 Executing in  1063000","time":"2016-10-22T10:42:17.862Z","v":0}
{"name":"foo","hostname":"Usuarios-MacBook-Air.local","pid":29772,"level":30,"msg":"22 10 2016 - 15:55:00 Executing in  4363000","time":"2016-10-22T10:42:17.862Z","v":0}
{"name":"foo","hostname":"Usuarios-MacBook-Air.local","pid":29772,"level":30,"msg":"22 10 2016 - 16:00:00--Burnley FC - Everton FC *1 hour*  *5 minutes* ","time":"2016-10-22T10:42:17.862Z","v":0}
{"name":"foo","hostname":"Usuarios-MacBook-Air.local","pid":29772,"level":30,"msg":"22 10 2016 - 15:00:00 Executing in  1063000","time":"2016-10-22T10:42:17.862Z","v":0}
{"name":"foo","hostname":"Usuarios-MacBook-Air.local","pid":29772,"level":30,"msg":"22 10 2016 - 15:55:00 Executing in  4363000","time":"2016-10-22T10:42:17.862Z","v":0}
{"name":"foo","hostname":"Usuarios-MacBook-Air.local","pid":29772,"level":30,"msg":"22 10 2016 - 16:00:00--Hull City FC - Stoke City FC *1 hour*  *5 minutes* ","time":"2016-10-22T10:42:17.862Z","v":0}
{"name":"foo","hostname":"Usuarios-MacBook-Air.local","pid":29772,"level":30,"msg":"22 10 2016 - 15:00:00 Executing in  1063000","time":"2016-10-22T10:42:17.863Z","v":0}
{"name":"foo","hostname":"Usuarios-MacBook-Air.local","pid":29772,"level":30,"msg":"22 10 2016 - 15:55:00 Executing in  4363000","time":"2016-10-22T10:42:17.863Z","v":0}
{"name":"foo","hostname":"Usuarios-MacBook-Air.local","pid":29772,"level":30,"msg":"22 10 2016 - 16:00:00--Leicester City FC - Crystal Palace FC *1 hour*  *5 minutes* ","time":"2016-10-22T10:42:17.863Z","v":0}
{"name":"foo","hostname":"Usuarios-MacBook-Air.local","pid":29772,"level":30,"msg":"22 10 2016 - 15:00:00 Executing in  1063000","time":"2016-10-22T10:42:17.864Z","v":0}
{"name":"foo","hostname":"Usuarios-MacBook-Air.local","pid":29772,"level":30,"msg":"22 10 2016 - 15:55:00 Executing in  4363000","time":"2016-10-22T10:42:17.864Z","v":0}
{"name":"foo","hostname":"Usuarios-MacBook-Air.local","pid":29772,"level":30,"msg":"22 10 2016 - 16:00:00--Swansea City FC - Watford FC *1 hour*  *5 minutes* ","time":"2016-10-22T10:42:17.864Z","v":0}
{"name":"foo","hostname":"Usuarios-MacBook-Air.local","pid":29772,"level":30,"msg":"22 10 2016 - 15:00:00 Executing in  1063000","time":"2016-10-22T10:42:17.864Z","v":0}
{"name":"foo","hostname":"Usuarios-MacBook-Air.local","pid":29772,"level":30,"msg":"22 10 2016 - 15:55:00 Executing in  4363000","time":"2016-10-22T10:42:17.864Z","v":0}
{"name":"foo","hostname":"Usuarios-MacBook-Air.local","pid":29772,"level":30,"msg":"22 10 2016 - 16:00:00--West Ham United FC - Sunderland AFC *1 hour*  *5 minutes* ","time":"2016-10-22T10:42:17.864Z","v":0}
{"name":"foo","hostname":"Usuarios-MacBook-Air.local","pid":29772,"level":30,"msg":"22 10 2016 - 17:30:00 Executing in  10063000","time":"2016-10-22T10:42:17.865Z","v":0}
{"name":"foo","hostname":"Usuarios-MacBook-Air.local","pid":29772,"level":30,"msg":"22 10 2016 - 18:25:00 Executing in  13363000","time":"2016-10-22T10:42:17.865Z","v":0}
{"name":"foo","hostname":"Usuarios-MacBook-Air.local","pid":29772,"level":30,"msg":"22 10 2016 - 18:30:00--Liverpool FC - West Bromwich Albion FC *1 hour*  *5 minutes* ","time":"2016-10-22T10:42:17.865Z","v":0}
{"name":"foo","hostname":"Usuarios-MacBook-Air.local","pid":29772,"level":30,"msg":"23 10 2016 - 13:30:00 Executing in  82063000","time":"2016-10-22T10:42:17.866Z","v":0}
{"name":"foo","hostname":"Usuarios-MacBook-Air.local","pid":29772,"level":30,"msg":"23 10 2016 - 14:25:00 Executing in  85363000","time":"2016-10-22T10:42:17.866Z","v":0}
{"name":"foo","hostname":"Usuarios-MacBook-Air.local","pid":29772,"level":30,"msg":"23 10 2016 - 14:30:00--Manchester City FC - Southampton FC *1 hour*  *5 minutes* ","time":"2016-10-22T10:42:17.866Z","v":0}
{"name":"foo","hostname":"Usuarios-MacBook-Air.local","pid":29772,"level":30,"msg":"22 10 2016 - 17:00:00 Executing in  8263000","time":"2016-10-22T10:42:17.866Z","v":0}
{"name":"foo","hostname":"Usuarios-MacBook-Air.local","pid":29772,"level":30,"msg":"23 10 2016 - 16:00:00 Executing in  91063000","time":"2016-10-22T10:42:17.866Z","v":0}
{"name":"foo","hostname":"Usuarios-MacBook-Air.local","pid":29772,"level":30,"msg":"23 10 2016 - 16:55:00 Executing in  94363000","time":"2016-10-22T10:42:17.868Z","v":0}
{"name":"foo","hostname":"Usuarios-MacBook-Air.local","pid":29772,"level":30,"msg":"23 10 2016 - 17:00:00--Chelsea FC - Manchester United FC *1 day*  *1 hour*  *5 minutes* ","time":"2016-10-22T10:42:17.868Z","v":0}
