{"name":"foo","hostname":"davher890-sports-informer-3811261","pid":9588,"level":30,"msg":"The next fixture is  9","time":"2016-10-17T20:08:47.775Z","v":0}
{"name":"foo","hostname":"davher890-sports-informer-3811261","pid":9588,"level":30,"msg":"22 10 2016 - 18:30:00 Executing in  411673000","time":"2016-10-17T20:08:47.791Z","v":0}
{"name":"foo","hostname":"davher890-sports-informer-3811261","pid":9588,"level":30,"msg":"23 10 2016 - 17:30:00 Executing in  494473000","time":"2016-10-17T20:08:47.793Z","v":0}
{"name":"foo","hostname":"davher890-sports-informer-3811261","pid":9588,"level":30,"msg":"23 10 2016 - 18:25:00 Executing in  497773000","time":"2016-10-17T20:08:47.793Z","v":0}
{"name":"foo","hostname":"davher890-sports-informer-3811261","pid":9588,"level":30,"msg":"23 10 2016 - 18:30:00--Málaga CF - CD Leganes *1 day*  *1 hour*  *5 minutes* ","time":"2016-10-17T20:08:47.794Z","v":0}
{"name":"foo","hostname":"davher890-sports-informer-3811261","pid":9588,"level":30,"msg":"21 10 2016 - 20:45:00 Executing in  333373000","time":"2016-10-17T20:08:47.795Z","v":0}
{"name":"foo","hostname":"davher890-sports-informer-3811261","pid":9588,"level":30,"msg":"22 10 2016 - 19:45:00 Executing in  416173000","time":"2016-10-17T20:08:47.795Z","v":0}
{"name":"foo","hostname":"davher890-sports-informer-3811261","pid":9588,"level":30,"msg":"22 10 2016 - 20:40:00 Executing in  419473000","time":"2016-10-17T20:08:47.795Z","v":0}
{"name":"foo","hostname":"davher890-sports-informer-3811261","pid":9588,"level":30,"msg":"22 10 2016 - 20:45:00--Granada CF - Sporting Gijón *1 day*  *1 hour*  *5 minutes* ","time":"2016-10-17T20:08:47.795Z","v":0}
{"name":"foo","hostname":"davher890-sports-informer-3811261","pid":9588,"level":30,"msg":"21 10 2016 - 13:00:00 Executing in  305473000","time":"2016-10-17T20:08:47.796Z","v":0}
{"name":"foo","hostname":"davher890-sports-informer-3811261","pid":9588,"level":30,"msg":"22 10 2016 - 12:00:00 Executing in  388273000","time":"2016-10-17T20:08:47.796Z","v":0}
{"name":"foo","hostname":"davher890-sports-informer-3811261","pid":9588,"level":30,"msg":"22 10 2016 - 12:55:00 Executing in  391573000","time":"2016-10-17T20:08:47.796Z","v":0}
{"name":"foo","hostname":"davher890-sports-informer-3811261","pid":9588,"level":30,"msg":"22 10 2016 - 13:00:00--RCD Espanyol - SD Eibar *1 day*  *1 hour*  *5 minutes* ","time":"2016-10-17T20:08:47.796Z","v":0}
{"name":"foo","hostname":"davher890-sports-informer-3811261","pid":9588,"level":30,"msg":"22 10 2016 - 12:00:00 Executing in  388273000","time":"2016-10-17T20:08:47.797Z","v":0}
{"name":"foo","hostname":"davher890-sports-informer-3811261","pid":9588,"level":30,"msg":"23 10 2016 - 11:00:00 Executing in  471073000","time":"2016-10-17T20:08:47.797Z","v":0}
{"name":"foo","hostname":"davher890-sports-informer-3811261","pid":9588,"level":30,"msg":"23 10 2016 - 11:55:00 Executing in  474373000","time":"2016-10-17T20:08:47.797Z","v":0}
{"name":"foo","hostname":"davher890-sports-informer-3811261","pid":9588,"level":30,"msg":"23 10 2016 - 12:00:00--RC Celta de Vigo - RC Deportivo La Coruna *1 day*  *1 hour*  *5 minutes* ","time":"2016-10-17T20:08:47.797Z","v":0}
{"name":"foo","hostname":"davher890-sports-informer-3811261","pid":9588,"level":30,"msg":"20 10 2016 - 20:45:00 Executing in  246973000","time":"2016-10-17T20:08:47.799Z","v":0}
{"name":"foo","hostname":"davher890-sports-informer-3811261","pid":9588,"level":30,"msg":"21 10 2016 - 19:45:00 Executing in  329773000","time":"2016-10-17T20:08:47.799Z","v":0}
{"name":"foo","hostname":"davher890-sports-informer-3811261","pid":9588,"level":30,"msg":"21 10 2016 - 20:40:00 Executing in  333073000","time":"2016-10-17T20:08:47.799Z","v":0}
{"name":"foo","hostname":"davher890-sports-informer-3811261","pid":9588,"level":30,"msg":"21 10 2016 - 20:45:00--CA Osasuna - Real Betis *1 day*  *1 hour*  *5 minutes* ","time":"2016-10-17T20:08:47.799Z","v":0}
{"name":"foo","hostname":"davher890-sports-informer-3811261","pid":9588,"level":30,"msg":"22 10 2016 - 20:45:00 Executing in  419773000","time":"2016-10-17T20:08:47.801Z","v":0}
{"name":"foo","hostname":"davher890-sports-informer-3811261","pid":9588,"level":30,"msg":"23 10 2016 - 19:45:00 Executing in  502573000","time":"2016-10-17T20:08:47.802Z","v":0}
{"name":"foo","hostname":"davher890-sports-informer-3811261","pid":9588,"level":30,"msg":"23 10 2016 - 20:40:00 Executing in  505873000","time":"2016-10-17T20:08:47.803Z","v":0}
{"name":"foo","hostname":"davher890-sports-informer-3811261","pid":9588,"level":30,"msg":"23 10 2016 - 20:45:00--Real Madrid CF - Athletic Club *1 day*  *1 hour*  *5 minutes* ","time":"2016-10-17T20:08:47.803Z","v":0}
{"name":"foo","hostname":"davher890-sports-informer-3811261","pid":9588,"level":30,"msg":"21 10 2016 - 18:30:00 Executing in  325273000","time":"2016-10-17T20:08:47.804Z","v":0}
{"name":"foo","hostname":"davher890-sports-informer-3811261","pid":9588,"level":30,"msg":"22 10 2016 - 17:30:00 Executing in  408073000","time":"2016-10-17T20:08:47.805Z","v":0}
{"name":"foo","hostname":"davher890-sports-informer-3811261","pid":9588,"level":30,"msg":"22 10 2016 - 18:25:00 Executing in  411373000","time":"2016-10-17T20:08:47.805Z","v":0}
{"name":"foo","hostname":"davher890-sports-informer-3811261","pid":9588,"level":30,"msg":"22 10 2016 - 18:30:00--Real Sociedad de Fútbol - Deportivo Alavés *1 day*  *1 hour*  *5 minutes* ","time":"2016-10-17T20:08:47.805Z","v":0}
{"name":"foo","hostname":"davher890-sports-informer-3811261","pid":9588,"level":30,"msg":"22 10 2016 - 18:30:00 Executing in  411673000","time":"2016-10-17T20:08:47.806Z","v":0}
{"name":"foo","hostname":"davher890-sports-informer-3811261","pid":9588,"level":30,"msg":"23 10 2016 - 17:30:00 Executing in  494473000","time":"2016-10-17T20:08:47.806Z","v":0}
{"name":"foo","hostname":"davher890-sports-informer-3811261","pid":9588,"level":30,"msg":"23 10 2016 - 18:25:00 Executing in  497773000","time":"2016-10-17T20:08:47.807Z","v":0}
{"name":"foo","hostname":"davher890-sports-informer-3811261","pid":9588,"level":30,"msg":"23 10 2016 - 18:30:00--Villarreal CF - UD Las Palmas *1 day*  *1 hour*  *5 minutes* ","time":"2016-10-17T20:08:47.807Z","v":0}
{"name":"foo","hostname":"davher890-sports-informer-3811261","pid":9588,"level":30,"msg":"21 10 2016 - 16:15:00 Executing in  317173000","time":"2016-10-17T20:08:47.808Z","v":0}
{"name":"foo","hostname":"davher890-sports-informer-3811261","pid":9588,"level":30,"msg":"22 10 2016 - 15:15:00 Executing in  399973000","time":"2016-10-17T20:08:47.809Z","v":0}
{"name":"foo","hostname":"davher890-sports-informer-3811261","pid":9588,"level":30,"msg":"22 10 2016 - 16:10:00 Executing in  403273000","time":"2016-10-17T20:08:47.809Z","v":0}
{"name":"foo","hostname":"davher890-sports-informer-3811261","pid":9588,"level":30,"msg":"22 10 2016 - 16:15:00--Valencia CF - FC Barcelona *1 day*  *1 hour*  *5 minutes* ","time":"2016-10-17T20:08:47.809Z","v":0}
{"name":"foo","hostname":"davher890-sports-informer-3811261","pid":9588,"level":30,"msg":"22 10 2016 - 16:15:00 Executing in  403573000","time":"2016-10-17T20:08:47.809Z","v":0}
{"name":"foo","hostname":"davher890-sports-informer-3811261","pid":9588,"level":30,"msg":"23 10 2016 - 15:15:00 Executing in  486373000","time":"2016-10-17T20:08:47.810Z","v":0}
{"name":"foo","hostname":"davher890-sports-informer-3811261","pid":9588,"level":30,"msg":"23 10 2016 - 16:10:00 Executing in  489673000","time":"2016-10-17T20:08:47.810Z","v":0}
{"name":"foo","hostname":"davher890-sports-informer-3811261","pid":9588,"level":30,"msg":"23 10 2016 - 16:15:00--Sevilla FC - Club Atlético de Madrid *1 day*  *1 hour*  *5 minutes* ","time":"2016-10-17T20:08:47.810Z","v":0}
{"name":"foo","hostname":"davher890-sports-informer-3811261","pid":6075,"level":30,"msg":"The next fixture is  9","time":"2016-10-18T19:25:52.286Z","v":0}
{"name":"foo","hostname":"davher890-sports-informer-3811261","pid":6075,"level":30,"msg":"22 10 2016 - 18:30:00 Executing in  327848000","time":"2016-10-18T19:25:52.301Z","v":0}
{"name":"foo","hostname":"davher890-sports-informer-3811261","pid":6075,"level":30,"msg":"23 10 2016 - 17:30:00 Executing in  410648000","time":"2016-10-18T19:25:52.302Z","v":0}
{"name":"foo","hostname":"davher890-sports-informer-3811261","pid":6075,"level":30,"msg":"23 10 2016 - 18:25:00 Executing in  413948000","time":"2016-10-18T19:25:52.303Z","v":0}
{"name":"foo","hostname":"davher890-sports-informer-3811261","pid":6075,"level":30,"msg":"23 10 2016 - 18:30:00--Málaga CF - CD Leganes *1 day*  *1 hour*  *5 minutes* ","time":"2016-10-18T19:25:52.303Z","v":0}
{"name":"foo","hostname":"davher890-sports-informer-3811261","pid":6075,"level":30,"msg":"21 10 2016 - 20:45:00 Executing in  249548000","time":"2016-10-18T19:25:52.303Z","v":0}
{"name":"foo","hostname":"davher890-sports-informer-3811261","pid":6075,"level":30,"msg":"22 10 2016 - 19:45:00 Executing in  332348000","time":"2016-10-18T19:25:52.304Z","v":0}
{"name":"foo","hostname":"davher890-sports-informer-3811261","pid":6075,"level":30,"msg":"22 10 2016 - 20:40:00 Executing in  335648000","time":"2016-10-18T19:25:52.304Z","v":0}
{"name":"foo","hostname":"davher890-sports-informer-3811261","pid":6075,"level":30,"msg":"22 10 2016 - 20:45:00--Granada CF - Sporting Gijón *1 day*  *1 hour*  *5 minutes* ","time":"2016-10-18T19:25:52.304Z","v":0}
{"name":"foo","hostname":"davher890-sports-informer-3811261","pid":6075,"level":30,"msg":"21 10 2016 - 13:00:00 Executing in  221648000","time":"2016-10-18T19:25:52.304Z","v":0}
{"name":"foo","hostname":"davher890-sports-informer-3811261","pid":6075,"level":30,"msg":"22 10 2016 - 12:00:00 Executing in  304448000","time":"2016-10-18T19:25:52.304Z","v":0}
{"name":"foo","hostname":"davher890-sports-informer-3811261","pid":6075,"level":30,"msg":"22 10 2016 - 12:55:00 Executing in  307748000","time":"2016-10-18T19:25:52.304Z","v":0}
{"name":"foo","hostname":"davher890-sports-informer-3811261","pid":6075,"level":30,"msg":"22 10 2016 - 13:00:00--RCD Espanyol - SD Eibar *1 day*  *1 hour*  *5 minutes* ","time":"2016-10-18T19:25:52.305Z","v":0}
{"name":"foo","hostname":"davher890-sports-informer-3811261","pid":6075,"level":30,"msg":"22 10 2016 - 12:00:00 Executing in  304448000","time":"2016-10-18T19:25:52.305Z","v":0}
{"name":"foo","hostname":"davher890-sports-informer-3811261","pid":6075,"level":30,"msg":"23 10 2016 - 11:00:00 Executing in  387248000","time":"2016-10-18T19:25:52.305Z","v":0}
{"name":"foo","hostname":"davher890-sports-informer-3811261","pid":6075,"level":30,"msg":"23 10 2016 - 11:55:00 Executing in  390548000","time":"2016-10-18T19:25:52.306Z","v":0}
{"name":"foo","hostname":"davher890-sports-informer-3811261","pid":6075,"level":30,"msg":"23 10 2016 - 12:00:00--RC Celta de Vigo - RC Deportivo La Coruna *1 day*  *1 hour*  *5 minutes* ","time":"2016-10-18T19:25:52.306Z","v":0}
{"name":"foo","hostname":"davher890-sports-informer-3811261","pid":6075,"level":30,"msg":"20 10 2016 - 20:45:00 Executing in  163148000","time":"2016-10-18T19:25:52.307Z","v":0}
{"name":"foo","hostname":"davher890-sports-informer-3811261","pid":6075,"level":30,"msg":"21 10 2016 - 19:45:00 Executing in  245948000","time":"2016-10-18T19:25:52.307Z","v":0}
{"name":"foo","hostname":"davher890-sports-informer-3811261","pid":6075,"level":30,"msg":"21 10 2016 - 20:40:00 Executing in  249248000","time":"2016-10-18T19:25:52.307Z","v":0}
{"name":"foo","hostname":"davher890-sports-informer-3811261","pid":6075,"level":30,"msg":"21 10 2016 - 20:45:00--CA Osasuna - Real Betis *1 day*  *1 hour*  *5 minutes* ","time":"2016-10-18T19:25:52.307Z","v":0}
{"name":"foo","hostname":"davher890-sports-informer-3811261","pid":6075,"level":30,"msg":"22 10 2016 - 20:45:00 Executing in  335948000","time":"2016-10-18T19:25:52.308Z","v":0}
{"name":"foo","hostname":"davher890-sports-informer-3811261","pid":6075,"level":30,"msg":"23 10 2016 - 19:45:00 Executing in  418748000","time":"2016-10-18T19:25:52.309Z","v":0}
{"name":"foo","hostname":"davher890-sports-informer-3811261","pid":6075,"level":30,"msg":"23 10 2016 - 20:40:00 Executing in  422048000","time":"2016-10-18T19:25:52.309Z","v":0}
{"name":"foo","hostname":"davher890-sports-informer-3811261","pid":6075,"level":30,"msg":"23 10 2016 - 20:45:00--Real Madrid CF - Athletic Club *1 day*  *1 hour*  *5 minutes* ","time":"2016-10-18T19:25:52.309Z","v":0}
{"name":"foo","hostname":"davher890-sports-informer-3811261","pid":6075,"level":30,"msg":"21 10 2016 - 18:30:00 Executing in  241448000","time":"2016-10-18T19:25:52.310Z","v":0}
{"name":"foo","hostname":"davher890-sports-informer-3811261","pid":6075,"level":30,"msg":"22 10 2016 - 17:30:00 Executing in  324248000","time":"2016-10-18T19:25:52.310Z","v":0}
{"name":"foo","hostname":"davher890-sports-informer-3811261","pid":6075,"level":30,"msg":"22 10 2016 - 18:25:00 Executing in  327548000","time":"2016-10-18T19:25:52.310Z","v":0}
{"name":"foo","hostname":"davher890-sports-informer-3811261","pid":6075,"level":30,"msg":"22 10 2016 - 18:30:00--Real Sociedad de Fútbol - Deportivo Alavés *1 day*  *1 hour*  *5 minutes* ","time":"2016-10-18T19:25:52.310Z","v":0}
{"name":"foo","hostname":"davher890-sports-informer-3811261","pid":6075,"level":30,"msg":"22 10 2016 - 18:30:00 Executing in  327848000","time":"2016-10-18T19:25:52.311Z","v":0}
{"name":"foo","hostname":"davher890-sports-informer-3811261","pid":6075,"level":30,"msg":"23 10 2016 - 17:30:00 Executing in  410648000","time":"2016-10-18T19:25:52.311Z","v":0}
{"name":"foo","hostname":"davher890-sports-informer-3811261","pid":6075,"level":30,"msg":"23 10 2016 - 18:25:00 Executing in  413948000","time":"2016-10-18T19:25:52.311Z","v":0}
{"name":"foo","hostname":"davher890-sports-informer-3811261","pid":6075,"level":30,"msg":"23 10 2016 - 18:30:00--Villarreal CF - UD Las Palmas *1 day*  *1 hour*  *5 minutes* ","time":"2016-10-18T19:25:52.311Z","v":0}
{"name":"foo","hostname":"davher890-sports-informer-3811261","pid":6075,"level":30,"msg":"21 10 2016 - 16:15:00 Executing in  233348000","time":"2016-10-18T19:25:52.313Z","v":0}
{"name":"foo","hostname":"davher890-sports-informer-3811261","pid":6075,"level":30,"msg":"22 10 2016 - 15:15:00 Executing in  316148000","time":"2016-10-18T19:25:52.313Z","v":0}
{"name":"foo","hostname":"davher890-sports-informer-3811261","pid":6075,"level":30,"msg":"22 10 2016 - 16:10:00 Executing in  319448000","time":"2016-10-18T19:25:52.313Z","v":0}
{"name":"foo","hostname":"davher890-sports-informer-3811261","pid":6075,"level":30,"msg":"22 10 2016 - 16:15:00--Valencia CF - FC Barcelona *1 day*  *1 hour*  *5 minutes* ","time":"2016-10-18T19:25:52.314Z","v":0}
{"name":"foo","hostname":"davher890-sports-informer-3811261","pid":6075,"level":30,"msg":"22 10 2016 - 16:15:00 Executing in  319748000","time":"2016-10-18T19:25:52.314Z","v":0}
{"name":"foo","hostname":"davher890-sports-informer-3811261","pid":6075,"level":30,"msg":"23 10 2016 - 15:15:00 Executing in  402548000","time":"2016-10-18T19:25:52.315Z","v":0}
{"name":"foo","hostname":"davher890-sports-informer-3811261","pid":6075,"level":30,"msg":"23 10 2016 - 16:10:00 Executing in  405848000","time":"2016-10-18T19:25:52.315Z","v":0}
{"name":"foo","hostname":"davher890-sports-informer-3811261","pid":6075,"level":30,"msg":"23 10 2016 - 16:15:00--Sevilla FC - Club Atlético de Madrid *1 day*  *1 hour*  *5 minutes* ","time":"2016-10-18T19:25:52.315Z","v":0}
