{"name":"foo","hostname":"Usuarios-MacBook-Air.local","pid":29772,"level":30,"msg":"The next fixture is  4","time":"2016-10-22T10:42:17.676Z","v":0}
{"name":"foo","hostname":"Usuarios-MacBook-Air.local","pid":29772,"level":30,"msg":"31 10 2016 - 20:45:00 Executing in  802963000","time":"2016-10-22T10:42:17.684Z","v":0}
{"name":"foo","hostname":"Usuarios-MacBook-Air.local","pid":29772,"level":30,"msg":"01 11 2016 - 19:45:00 Executing in  885763000","time":"2016-10-22T10:42:17.685Z","v":0}
{"name":"foo","hostname":"Usuarios-MacBook-Air.local","pid":29772,"level":30,"msg":"01 11 2016 - 20:40:00 Executing in  889063000","time":"2016-10-22T10:42:17.686Z","v":0}
{"name":"foo","hostname":"Usuarios-MacBook-Air.local","pid":29772,"level":30,"msg":"01 11 2016 - 20:45:00--Club Atlético de Madrid - FC Rostov *1 day*  *1 hour*  *5 minutes* ","time":"2016-10-22T10:42:17.686Z","v":0}
{"name":"foo","hostname":"Usuarios-MacBook-Air.local","pid":29772,"level":30,"msg":"31 10 2016 - 20:45:00 Executing in  802963000","time":"2016-10-22T10:42:17.686Z","v":0}
{"name":"foo","hostname":"Usuarios-MacBook-Air.local","pid":29772,"level":30,"msg":"01 11 2016 - 19:45:00 Executing in  885763000","time":"2016-10-22T10:42:17.687Z","v":0}
{"name":"foo","hostname":"Usuarios-MacBook-Air.local","pid":29772,"level":30,"msg":"01 11 2016 - 20:40:00 Executing in  889063000","time":"2016-10-22T10:42:17.687Z","v":0}
{"name":"foo","hostname":"Usuarios-MacBook-Air.local","pid":29772,"level":30,"msg":"01 11 2016 - 20:45:00--SL Benfica - Dynamo Kyiv *1 day*  *1 hour*  *5 minutes* ","time":"2016-10-22T10:42:17.687Z","v":0}
{"name":"foo","hostname":"Usuarios-MacBook-Air.local","pid":29772,"level":30,"msg":"31 10 2016 - 20:45:00 Executing in  802963000","time":"2016-10-22T10:42:17.687Z","v":0}
{"name":"foo","hostname":"Usuarios-MacBook-Air.local","pid":29772,"level":30,"msg":"01 11 2016 - 19:45:00 Executing in  885763000","time":"2016-10-22T10:42:17.687Z","v":0}
{"name":"foo","hostname":"Usuarios-MacBook-Air.local","pid":29772,"level":30,"msg":"01 11 2016 - 20:40:00 Executing in  889063000","time":"2016-10-22T10:42:17.687Z","v":0}
{"name":"foo","hostname":"Usuarios-MacBook-Air.local","pid":29772,"level":30,"msg":"01 11 2016 - 20:45:00--Manchester City FC - FC Barcelona *1 day*  *1 hour*  *5 minutes* ","time":"2016-10-22T10:42:17.687Z","v":0}
{"name":"foo","hostname":"Usuarios-MacBook-Air.local","pid":29772,"level":30,"msg":"31 10 2016 - 20:45:00 Executing in  802963000","time":"2016-10-22T10:42:17.688Z","v":0}
{"name":"foo","hostname":"Usuarios-MacBook-Air.local","pid":29772,"level":30,"msg":"01 11 2016 - 19:45:00 Executing in  885763000","time":"2016-10-22T10:42:17.688Z","v":0}
{"name":"foo","hostname":"Usuarios-MacBook-Air.local","pid":29772,"level":30,"msg":"01 11 2016 - 20:40:00 Executing in  889063000","time":"2016-10-22T10:42:17.688Z","v":0}
{"name":"foo","hostname":"Usuarios-MacBook-Air.local","pid":29772,"level":30,"msg":"01 11 2016 - 20:45:00--Bor. Mönchengladbach - Celtic FC *1 day*  *1 hour*  *5 minutes* ","time":"2016-10-22T10:42:17.688Z","v":0}
{"name":"foo","hostname":"Usuarios-MacBook-Air.local","pid":29772,"level":30,"msg":"31 10 2016 - 20:45:00 Executing in  802963000","time":"2016-10-22T10:42:17.689Z","v":0}
{"name":"foo","hostname":"Usuarios-MacBook-Air.local","pid":29772,"level":30,"msg":"01 11 2016 - 19:45:00 Executing in  885763000","time":"2016-10-22T10:42:17.689Z","v":0}
{"name":"foo","hostname":"Usuarios-MacBook-Air.local","pid":29772,"level":30,"msg":"01 11 2016 - 20:40:00 Executing in  889063000","time":"2016-10-22T10:42:17.689Z","v":0}
{"name":"foo","hostname":"Usuarios-MacBook-Air.local","pid":29772,"level":30,"msg":"01 11 2016 - 20:45:00--PSV Eindhoven - FC Bayern München *1 day*  *1 hour*  *5 minutes* ","time":"2016-10-22T10:42:17.689Z","v":0}
{"name":"foo","hostname":"Usuarios-MacBook-Air.local","pid":29772,"level":30,"msg":"31 10 2016 - 20:45:00 Executing in  802963000","time":"2016-10-22T10:42:17.690Z","v":0}
{"name":"foo","hostname":"Usuarios-MacBook-Air.local","pid":29772,"level":30,"msg":"01 11 2016 - 19:45:00 Executing in  885763000","time":"2016-10-22T10:42:17.690Z","v":0}
{"name":"foo","hostname":"Usuarios-MacBook-Air.local","pid":29772,"level":30,"msg":"01 11 2016 - 20:40:00 Executing in  889063000","time":"2016-10-22T10:42:17.691Z","v":0}
{"name":"foo","hostname":"Usuarios-MacBook-Air.local","pid":29772,"level":30,"msg":"01 11 2016 - 20:45:00--Besiktas JK - SSC Napoli *1 day*  *1 hour*  *5 minutes* ","time":"2016-10-22T10:42:17.691Z","v":0}
{"name":"foo","hostname":"Usuarios-MacBook-Air.local","pid":29772,"level":30,"msg":"31 10 2016 - 20:45:00 Executing in  802963000","time":"2016-10-22T10:42:17.691Z","v":0}
{"name":"foo","hostname":"Usuarios-MacBook-Air.local","pid":29772,"level":30,"msg":"01 11 2016 - 19:45:00 Executing in  885763000","time":"2016-10-22T10:42:17.691Z","v":0}
{"name":"foo","hostname":"Usuarios-MacBook-Air.local","pid":29772,"level":30,"msg":"01 11 2016 - 20:40:00 Executing in  889063000","time":"2016-10-22T10:42:17.692Z","v":0}
{"name":"foo","hostname":"Usuarios-MacBook-Air.local","pid":29772,"level":30,"msg":"01 11 2016 - 20:45:00--FC Basel - Paris Saint-Germain *1 day*  *1 hour*  *5 minutes* ","time":"2016-10-22T10:42:17.692Z","v":0}
{"name":"foo","hostname":"Usuarios-MacBook-Air.local","pid":29772,"level":30,"msg":"31 10 2016 - 20:45:00 Executing in  802963000","time":"2016-10-22T10:42:17.692Z","v":0}
{"name":"foo","hostname":"Usuarios-MacBook-Air.local","pid":29772,"level":30,"msg":"01 11 2016 - 19:45:00 Executing in  885763000","time":"2016-10-22T10:42:17.692Z","v":0}
{"name":"foo","hostname":"Usuarios-MacBook-Air.local","pid":29772,"level":30,"msg":"01 11 2016 - 20:40:00 Executing in  889063000","time":"2016-10-22T10:42:17.692Z","v":0}
{"name":"foo","hostname":"Usuarios-MacBook-Air.local","pid":29772,"level":30,"msg":"01 11 2016 - 20:45:00--Ludogorez Rasgrad - Arsenal FC *1 day*  *1 hour*  *5 minutes* ","time":"2016-10-22T10:42:17.692Z","v":0}
{"name":"foo","hostname":"Usuarios-MacBook-Air.local","pid":29772,"level":30,"msg":"01 11 2016 - 20:45:00 Executing in  889363000","time":"2016-10-22T10:42:17.694Z","v":0}
{"name":"foo","hostname":"Usuarios-MacBook-Air.local","pid":29772,"level":30,"msg":"02 11 2016 - 19:45:00 Executing in  972163000","time":"2016-10-22T10:42:17.694Z","v":0}
{"name":"foo","hostname":"Usuarios-MacBook-Air.local","pid":29772,"level":30,"msg":"02 11 2016 - 20:40:00 Executing in  975463000","time":"2016-10-22T10:42:17.694Z","v":0}
{"name":"foo","hostname":"Usuarios-MacBook-Air.local","pid":29772,"level":30,"msg":"02 11 2016 - 20:45:00--FC Porto - Club Brugge *1 day*  *1 hour*  *5 minutes* ","time":"2016-10-22T10:42:17.694Z","v":0}
{"name":"foo","hostname":"Usuarios-MacBook-Air.local","pid":29772,"level":30,"msg":"01 11 2016 - 20:45:00 Executing in  889363000","time":"2016-10-22T10:42:17.696Z","v":0}
{"name":"foo","hostname":"Usuarios-MacBook-Air.local","pid":29772,"level":30,"msg":"02 11 2016 - 19:45:00 Executing in  972163000","time":"2016-10-22T10:42:17.696Z","v":0}
{"name":"foo","hostname":"Usuarios-MacBook-Air.local","pid":29772,"level":30,"msg":"02 11 2016 - 20:40:00 Executing in  975463000","time":"2016-10-22T10:42:17.696Z","v":0}
{"name":"foo","hostname":"Usuarios-MacBook-Air.local","pid":29772,"level":30,"msg":"02 11 2016 - 20:45:00--FC Copenhagen - Leicester City FC *1 day*  *1 hour*  *5 minutes* ","time":"2016-10-22T10:42:17.696Z","v":0}
{"name":"foo","hostname":"Usuarios-MacBook-Air.local","pid":29772,"level":30,"msg":"01 11 2016 - 20:45:00 Executing in  889363000","time":"2016-10-22T10:42:17.696Z","v":0}
{"name":"foo","hostname":"Usuarios-MacBook-Air.local","pid":29772,"level":30,"msg":"02 11 2016 - 19:45:00 Executing in  972163000","time":"2016-10-22T10:42:17.696Z","v":0}
{"name":"foo","hostname":"Usuarios-MacBook-Air.local","pid":29772,"level":30,"msg":"02 11 2016 - 20:40:00 Executing in  975463000","time":"2016-10-22T10:42:17.698Z","v":0}
{"name":"foo","hostname":"Usuarios-MacBook-Air.local","pid":29772,"level":30,"msg":"02 11 2016 - 20:45:00--Sevilla FC - GNK Dinamo Zagreb *1 day*  *1 hour*  *5 minutes* ","time":"2016-10-22T10:42:17.698Z","v":0}
{"name":"foo","hostname":"Usuarios-MacBook-Air.local","pid":29772,"level":30,"msg":"01 11 2016 - 20:45:00 Executing in  889363000","time":"2016-10-22T10:42:17.698Z","v":0}
{"name":"foo","hostname":"Usuarios-MacBook-Air.local","pid":29772,"level":30,"msg":"02 11 2016 - 19:45:00 Executing in  972163000","time":"2016-10-22T10:42:17.698Z","v":0}
{"name":"foo","hostname":"Usuarios-MacBook-Air.local","pid":29772,"level":30,"msg":"02 11 2016 - 20:40:00 Executing in  975463000","time":"2016-10-22T10:42:17.698Z","v":0}
{"name":"foo","hostname":"Usuarios-MacBook-Air.local","pid":29772,"level":30,"msg":"02 11 2016 - 20:45:00--Juventus Turin - Olympique Lyonnais *1 day*  *1 hour*  *5 minutes* ","time":"2016-10-22T10:42:17.699Z","v":0}
{"name":"foo","hostname":"Usuarios-MacBook-Air.local","pid":29772,"level":30,"msg":"01 11 2016 - 20:45:00 Executing in  889363000","time":"2016-10-22T10:42:17.699Z","v":0}
{"name":"foo","hostname":"Usuarios-MacBook-Air.local","pid":29772,"level":30,"msg":"02 11 2016 - 19:45:00 Executing in  972163000","time":"2016-10-22T10:42:17.699Z","v":0}
{"name":"foo","hostname":"Usuarios-MacBook-Air.local","pid":29772,"level":30,"msg":"02 11 2016 - 20:40:00 Executing in  975463000","time":"2016-10-22T10:42:17.699Z","v":0}
{"name":"foo","hostname":"Usuarios-MacBook-Air.local","pid":29772,"level":30,"msg":"02 11 2016 - 20:45:00--Legia Warszawa - Real Madrid CF *1 day*  *1 hour*  *5 minutes* ","time":"2016-10-22T10:42:17.699Z","v":0}
{"name":"foo","hostname":"Usuarios-MacBook-Air.local","pid":29772,"level":30,"msg":"01 11 2016 - 20:45:00 Executing in  889363000","time":"2016-10-22T10:42:17.699Z","v":0}
{"name":"foo","hostname":"Usuarios-MacBook-Air.local","pid":29772,"level":30,"msg":"02 11 2016 - 19:45:00 Executing in  972163000","time":"2016-10-22T10:42:17.699Z","v":0}
{"name":"foo","hostname":"Usuarios-MacBook-Air.local","pid":29772,"level":30,"msg":"02 11 2016 - 20:40:00 Executing in  975463000","time":"2016-10-22T10:42:17.699Z","v":0}
{"name":"foo","hostname":"Usuarios-MacBook-Air.local","pid":29772,"level":30,"msg":"02 11 2016 - 20:45:00--Borussia Dortmund - Sporting CP *1 day*  *1 hour*  *5 minutes* ","time":"2016-10-22T10:42:17.699Z","v":0}
{"name":"foo","hostname":"Usuarios-MacBook-Air.local","pid":29772,"level":30,"msg":"01 11 2016 - 20:45:00 Executing in  889363000","time":"2016-10-22T10:42:17.699Z","v":0}
{"name":"foo","hostname":"Usuarios-MacBook-Air.local","pid":29772,"level":30,"msg":"02 11 2016 - 19:45:00 Executing in  972163000","time":"2016-10-22T10:42:17.699Z","v":0}
{"name":"foo","hostname":"Usuarios-MacBook-Air.local","pid":29772,"level":30,"msg":"02 11 2016 - 20:40:00 Executing in  975463000","time":"2016-10-22T10:42:17.699Z","v":0}
{"name":"foo","hostname":"Usuarios-MacBook-Air.local","pid":29772,"level":30,"msg":"02 11 2016 - 20:45:00--AS Monaco FC - CSKA Moscow *1 day*  *1 hour*  *5 minutes* ","time":"2016-10-22T10:42:17.700Z","v":0}
{"name":"foo","hostname":"Usuarios-MacBook-Air.local","pid":29772,"level":30,"msg":"01 11 2016 - 20:45:00 Executing in  889363000","time":"2016-10-22T10:42:17.700Z","v":0}
{"name":"foo","hostname":"Usuarios-MacBook-Air.local","pid":29772,"level":30,"msg":"02 11 2016 - 19:45:00 Executing in  972163000","time":"2016-10-22T10:42:17.700Z","v":0}
{"name":"foo","hostname":"Usuarios-MacBook-Air.local","pid":29772,"level":30,"msg":"02 11 2016 - 20:40:00 Executing in  975463000","time":"2016-10-22T10:42:17.700Z","v":0}
{"name":"foo","hostname":"Usuarios-MacBook-Air.local","pid":29772,"level":30,"msg":"02 11 2016 - 20:45:00--Tottenham Hotspur FC - Bayer Leverkusen *1 day*  *1 hour*  *5 minutes* ","time":"2016-10-22T10:42:17.700Z","v":0}
